[2019-04-21 16:26:22] new log file after rotation
[2019-04-22 09:25:05] Terminate signal catched
[2019-04-22 09:25:05] 	Chiudo la connessione con PLC e OTB
[2019-04-22 09:25:05] 	Libero la memoria dalle strutture create
[2019-04-22 09:25:05] Fine.
[2019-04-22 09:25:05] ****************** END **********************
[2019-04-22 09:25:12] ****************** START **********************
[2019-04-23 02:24:48] ERRORE Lettura Registro OTB per Cancello [Connection timed out]. Num err [1]
[2019-04-23 02:24:58] 	ERRORE riconnessione OTB [Operation now in progress]. Num err [1]
[2019-04-23 02:24:58] ERRORE Lettura Registro OTB per Cancello [Bad file descriptor]. Num err [2]
[2019-04-23 02:25:08] 	ERRORE riconnessione OTB [Operation now in progress]. Num err [2]
[2019-04-23 02:25:08] ERRORE Lettura Registro OTB per Cancello [Bad file descriptor]. Num err [3]
[2019-04-23 02:25:18] 	ERRORE riconnessione OTB [Operation now in progress]. Num err [3]
[2019-04-23 02:25:18] ERRORE Lettura Registro OTB per Cancello [Bad file descriptor]. Num err [4]
[2019-04-23 02:25:28] 	ERRORE riconnessione OTB [Operation now in progress]. Num err [4]
[2019-04-23 02:25:28] ERRORE Lettura Registro OTB per Cancello [Bad file descriptor]. Num err [5]
[2019-04-23 02:25:33] 	ERRORE riconnessione OTB [Connection refused]. Num err [5]
[2019-04-23 02:25:33] ERRORE Lettura Registro OTB per Cancello [Bad file descriptor]. Num err [6]
[2019-04-23 02:25:36] 	ERRORE riconnessione OTB [Connection refused]. Num err [6]
[2019-04-23 02:25:36] ERRORE Lettura Registro OTB per Cancello [Bad file descriptor]. Num err [7]
[2019-04-23 02:25:39] 	ERRORE riconnessione OTB [Connection refused]. Num err [7]
[2019-04-23 02:25:39] ERRORE Lettura Registro OTB per Cancello [Bad file descriptor]. Num err [8]
[2019-04-23 02:25:42] 	ERRORE riconnessione OTB [Connection refused]. Num err [8]
[2019-04-23 02:25:42] ERRORE Lettura Registro OTB per Cancello [Bad file descriptor]. Num err [9]
[2019-04-23 02:25:45] 	ERRORE riconnessione OTB [Connection refused]. Num err [9]
[2019-04-23 02:25:45] ERRORE Lettura Registro OTB per Cancello [Bad file descriptor]. Num err [10]
[2019-04-23 02:25:48] 	ERRORE riconnessione OTB [Connection refused]. Num err [10]
[2019-04-23 02:25:48] ERRORE Lettura Registro OTB per Cancello [Bad file descriptor]. Num err [11]
[2019-04-23 02:25:51] 	ERRORE riconnessione OTB [Connection refused]. Num err [11]
[2019-04-23 02:25:51] ERRORE Lettura Registro OTB per Cancello [Bad file descriptor]. Num err [12]
[2019-04-23 02:25:54] 	ERRORE riconnessione OTB [Connection refused]. Num err [12]
[2019-04-23 02:25:54] ERRORE Lettura Registro OTB per Cancello [Bad file descriptor]. Num err [13]
[2019-04-23 02:25:57] 	ERRORE riconnessione OTB [Connection refused]. Num err [13]
[2019-04-23 02:25:57] ERRORE Lettura Registro OTB per Cancello [Bad file descriptor]. Num err [14]
[2019-04-23 02:26:00] 	ERRORE riconnessione OTB [Connection refused]. Num err [14]
[2019-04-23 02:26:00] ERRORE Lettura Registro OTB per Cancello [Bad file descriptor]. Num err [15]
[2019-04-23 02:26:03] 	ERRORE riconnessione OTB [Connection refused]. Num err [15]
[2019-04-23 02:26:03] ERRORE Lettura Registro OTB per Cancello [Bad file descriptor]. Num err [16]
[2019-04-23 02:26:06] 	ERRORE riconnessione OTB [Connection refused]. Num err [16]
[2019-04-23 02:26:07] Too many errors while readin OTB registers
[2019-04-23 02:26:07] 	Chiudo la connessione con PLC e OTB
[2019-04-23 02:26:07] 	Libero la memoria dalle strutture create
[2019-04-23 02:26:07] Fine.
[2019-04-23 02:26:07] ****************** END **********************
[2019-04-23 02:46:21] ****************** START **********************
[2019-04-23 09:13:50] ERRORE Lettura Registro OTB per Cancello [Connection timed out]. Num err [1]
[2019-04-23 09:47:23] ERRORE Lettura Registro OTB per Cancello [Connection timed out]. Num err [1]
[2019-04-23 09:47:33] 	ERRORE riconnessione OTB [Operation now in progress]. Num err [1]
[2019-04-23 09:47:33] ERRORE Lettura Registro OTB per Cancello [Bad file descriptor]. Num err [2]
[2019-04-23 09:47:43] 	ERRORE riconnessione OTB [Operation now in progress]. Num err [2]
[2019-04-23 09:47:43] ERRORE Lettura Registro OTB per Cancello [Bad file descriptor]. Num err [3]
[2019-04-23 09:47:53] 	ERRORE riconnessione OTB [Operation now in progress]. Num err [3]
[2019-04-23 09:47:53] ERRORE Lettura Registro OTB per Cancello [Bad file descriptor]. Num err [4]
[2019-04-23 09:48:03] 	ERRORE riconnessione OTB [Operation now in progress]. Num err [4]
[2019-04-23 09:48:03] ERRORE Lettura Registro OTB per Cancello [Bad file descriptor]. Num err [5]
[2019-04-23 09:48:13] 	ERRORE riconnessione OTB [Operation now in progress]. Num err [5]
[2019-04-23 09:48:13] ERRORE Lettura Registro OTB per Cancello [Bad file descriptor]. Num err [6]
[2019-04-23 09:48:23] 	ERRORE riconnessione OTB [Operation now in progress]. Num err [6]
[2019-04-23 09:48:23] ERRORE Lettura Registro OTB per Cancello [Bad file descriptor]. Num err [7]
[2019-04-23 09:48:33] 	ERRORE riconnessione OTB [Operation now in progress]. Num err [7]
[2019-04-23 09:48:33] ERRORE Lettura Registro OTB per Cancello [Bad file descriptor]. Num err [8]
[2019-04-23 09:48:43] 	ERRORE riconnessione OTB [Operation now in progress]. Num err [8]
[2019-04-23 09:48:43] ERRORE Lettura Registro OTB per Cancello [Bad file descriptor]. Num err [9]
[2019-04-23 09:48:53] 	ERRORE riconnessione OTB [Operation now in progress]. Num err [9]
[2019-04-23 09:48:53] ERRORE Lettura Registro OTB per Cancello [Bad file descriptor]. Num err [10]
[2019-04-23 09:49:03] 	ERRORE riconnessione OTB [Operation now in progress]. Num err [10]
[2019-04-23 09:49:03] ERRORE Lettura Registro OTB per Cancello [Bad file descriptor]. Num err [11]
[2019-04-23 09:49:13] 	ERRORE riconnessione OTB [Operation now in progress]. Num err [11]
[2019-04-23 09:49:13] ERRORE Lettura Registro OTB per Cancello [Bad file descriptor]. Num err [12]
[2019-04-23 09:49:23] 	ERRORE riconnessione OTB [Operation now in progress]. Num err [12]
[2019-04-23 09:49:23] ERRORE Lettura Registro OTB per Cancello [Bad file descriptor]. Num err [13]
[2019-04-23 09:49:33] 	ERRORE riconnessione OTB [Operation now in progress]. Num err [13]
[2019-04-23 09:49:33] ERRORE Lettura Registro OTB per Cancello [Bad file descriptor]. Num err [14]
[2019-04-23 09:49:43] 	ERRORE riconnessione OTB [Operation now in progress]. Num err [14]
[2019-04-23 09:49:43] ERRORE Lettura Registro OTB per Cancello [Bad file descriptor]. Num err [15]
[2019-04-23 09:49:53] 	ERRORE riconnessione OTB [Operation now in progress]. Num err [15]
[2019-04-23 09:49:53] ERRORE Lettura Registro OTB per Cancello [Bad file descriptor]. Num err [16]
[2019-04-23 09:50:03] 	ERRORE riconnessione OTB [Operation now in progress]. Num err [16]
[2019-04-23 09:50:03] Too many errors while readin OTB registers
[2019-04-23 09:50:03] 	Chiudo la connessione con PLC e OTB
[2019-04-23 09:50:03] 	Libero la memoria dalle strutture create
[2019-04-23 09:50:03] Fine.
[2019-04-23 09:50:03] ****************** END **********************
[2019-04-23 09:53:14] ****************** START **********************
[2019-04-23 09:53:24] ERRORE non riesco a connettermi con l'OTB Operation now in progress
[2019-04-23 09:53:24] 	Chiudo la connessione con PLC e OTB
[2019-04-23 09:53:24] 	Libero la memoria dalle strutture create
[2019-04-23 09:53:24] Fine.
[2019-04-23 09:53:24] ****************** END **********************
[2019-04-23 10:09:25] ****************** START **********************
[2019-04-23 10:09:35] ERRORE non riesco a connettermi con l'OTB Operation now in progress
[2019-04-23 10:09:35] 	Chiudo la connessione con PLC e OTB
[2019-04-23 10:09:35] 	Libero la memoria dalle strutture create
[2019-04-23 10:09:35] Fine.
[2019-04-23 10:09:35] ****************** END **********************
[2019-04-23 10:16:07] ****************** START **********************
[2019-04-23 10:16:17] ERRORE non riesco a connettermi con l'OTB. Premature exit [Operation now in progress]
[2019-04-23 10:16:17] 	Chiudo la connessione con PLC e OTB
[2019-04-23 10:16:17] 	Libero la memoria dalle strutture create
[2019-04-23 10:16:17] Fine.
[2019-04-23 10:16:17] ****************** END **********************
[2019-04-23 10:28:00] ****************** START **********************
[2019-04-23 10:28:10] ERRORE non riesco a connettermi con l'OTB. Premature exit [Operation now in progress]
[2019-04-23 10:28:10] 	Chiudo la connessione con PLC e OTB
[2019-04-23 10:28:10] 	Libero la memoria dalle strutture create
[2019-04-23 10:28:10] Fine.
[2019-04-23 10:28:10] ****************** END **********************
[2019-04-23 10:33:15] ****************** START **********************
[2019-04-23 10:33:25] ERRORE non riesco a connettermi con l'OTB. Premature exit [Operation now in progress]
[2019-04-23 10:33:25] 	Chiudo la connessione con PLC e OTB
[2019-04-23 10:33:25] 	Libero la memoria dalle strutture create
[2019-04-23 10:33:25] Fine.
[2019-04-23 10:33:25] ****************** END **********************
[2019-04-23 10:34:13] ****************** START **********************
[2019-04-23 10:34:23] ERRORE non riesco a connettermi con l'OTB. Premature exit [Operation now in progress]
[2019-04-23 10:34:23] 	Chiudo la connessione con PLC e OTB
[2019-04-23 10:34:23] 	Libero la memoria dalle strutture create
[2019-04-23 10:34:23] Fine.
[2019-04-23 10:34:23] ****************** END **********************
[2019-04-23 10:36:54] ****************** START **********************
[2019-04-23 10:37:04] ERRORE non riesco a connettermi con l'OTB. Premature exit [Operation now in progress]
[2019-04-23 10:37:04] 	Chiudo la connessione con PLC e OTB
[2019-04-23 10:37:04] 	Libero la memoria dalle strutture create
[2019-04-23 10:37:04] Fine.
[2019-04-23 10:37:04] ****************** END **********************
[2019-04-23 11:31:50] ****************** START READ FROM PC **********************
[2019-04-23 11:35:53] APERTURA PARZIALE CANCELLO INGRESSO
[2019-04-23 11:36:35] APERTURA TOTALE CANCELLO INGRESSO
[2019-04-25 07:00:10] Terminate signal catched
[2019-04-25 07:00:10] 	Chiudo la connessione con PLC e OTB su PC
[2019-04-25 07:00:10] 	Libero la memoria dalle strutture create
[2019-04-25 07:00:10] Fine.
[2019-04-25 07:00:10] ****************** END READ FROM PC **********************
[2019-04-25 07:29:34] ****************** START READ FROM PC **********************
[2019-04-25 07:59:13] Terminate signal catched
[2019-04-25 07:59:13] 	Chiudo la connessione con PLC e OTB su PC
[2019-04-25 07:59:13] 	Libero la memoria dalle strutture create
[2019-04-25 07:59:13] Fine.
[2019-04-25 07:59:13] ****************** END READ FROM PC **********************
[2019-04-25 08:00:39] ****************** START READ FROM PC **********************
[2019-04-25 08:02:37] Terminate signal catched
[2019-04-25 08:02:37] 	Chiudo la connessione con PLC e OTB su PC
[2019-04-25 08:02:37] 	Libero la memoria dalle strutture create
[2019-04-25 08:02:37] Fine.
[2019-04-25 08:02:37] ****************** END READ FROM PC **********************
[2019-04-25 08:02:43] ****************** START READ FROM PC **********************
[2019-04-25 08:04:48] Terminate signal catched
[2019-04-25 08:04:48] 	Chiudo la connessione con PLC e OTB su PC
[2019-04-25 08:04:48] 	Libero la memoria dalle strutture create
[2019-04-25 08:04:48] Fine.
[2019-04-25 08:04:48] ****************** END READ FROM PC **********************
[2019-04-25 08:05:22] ****************** START READ FROM PC **********************
[2019-04-25 08:07:43] Terminate signal catched
[2019-04-25 08:07:43] 	Chiudo la connessione con PLC e OTB su PC
[2019-04-25 08:07:43] 	Libero la memoria dalle strutture create
[2019-04-25 08:07:43] Fine.
[2019-04-25 08:07:43] ****************** END READ FROM PC **********************
[2019-04-25 08:07:48] ****************** START READ FROM PC **********************
[2019-04-25 08:10:30] Terminate signal catched
[2019-04-25 08:10:30] 	Chiudo la connessione con PLC e OTB su PC
[2019-04-25 08:10:30] 	Libero la memoria dalle strutture create
[2019-04-25 08:10:30] Fine.
[2019-04-25 08:10:30] ****************** END READ FROM PC **********************
[2019-04-25 08:10:30] ****************** START READ FROM PC **********************
[2019-04-25 08:16:11] Terminate signal catched
[2019-04-25 08:16:11] 	Chiudo la connessione con PLC e OTB su PC
[2019-04-25 08:16:11] 	Libero la memoria dalle strutture create
[2019-04-25 08:16:11] Fine.
[2019-04-25 08:16:11] ****************** END READ FROM PC **********************
[2019-04-25 08:16:11] ****************** START READ FROM PC **********************
[2019-04-25 08:17:23] Terminate signal catched
[2019-04-25 08:17:23] 	Chiudo la connessione con PLC e OTB su PC
[2019-04-25 08:17:23] 	Libero la memoria dalle strutture create
[2019-04-25 08:17:23] Fine.
[2019-04-25 08:17:23] ****************** END READ FROM PC **********************
[2019-04-25 08:17:23] ****************** START READ FROM PC **********************
[2019-04-25 08:26:55] Terminate signal catched
[2019-04-25 08:26:55] 	Chiudo la connessione con PLC e OTB su PC
[2019-04-25 08:26:55] 	Libero la memoria dalle strutture create
[2019-04-25 08:26:55] Fine.
[2019-04-25 08:26:55] ****************** END READ FROM PC **********************
[2019-04-25 08:26:55] ****************** START READ FROM PC **********************
[2019-04-25 10:03:37] Terminate signal catched
[2019-04-25 10:03:37] 	Chiudo la connessione con PLC e OTB su PC
[2019-04-25 10:03:37] 	Libero la memoria dalle strutture create
[2019-04-25 10:03:37] Fine.
[2019-04-25 10:03:37] ****************** END READ FROM PC **********************
[2019-04-25 10:03:37] ****************** START READ FROM PC **********************
[2019-04-25 10:10:06] Terminate signal catched
[2019-04-25 10:10:06] 	Chiudo la connessione con PLC e OTB su PC
[2019-04-25 10:10:06] 	Libero la memoria dalle strutture create
[2019-04-25 10:10:06] Fine.
[2019-04-25 10:10:06] ****************** END READ FROM PC **********************
[2019-04-25 10:10:06] ****************** START READ FROM PC **********************
[2019-04-25 10:11:07] Terminate signal catched
[2019-04-25 10:11:07] 	Chiudo la connessione con PLC e OTB su PC
[2019-04-25 10:11:07] 	Libero la memoria dalle strutture create
[2019-04-25 10:11:07] Fine.
[2019-04-25 10:11:07] ****************** END READ FROM PC **********************
[2019-04-25 10:11:07] ****************** START READ FROM PC **********************
[2019-04-25 10:15:02] 	 TEST CASE: APERTURA TOTALE CANCELLO INGRESSO
[2019-04-25 10:15:07] 	 TEST CASE: APERTURA PARZIALE CANCELLO INGRESSO
[2019-04-25 10:15:18] 	 TEST CASE: APERTURA TOTALE CANCELLO INGRESSO
[2019-04-25 10:15:21] 	 TEST CASE: APERTURA PARZIALE CANCELLO INGRESSO
[2019-04-25 10:15:26] 	 TEST CASE: APERTURA TOTALE CANCELLO INGRESSO
[2019-04-25 10:15:37] 	 TEST CASE: APERTURA PARZIALE CANCELLO INGRESSO
[2019-04-25 10:15:46] 	 TEST CASE: APERTURA PARZIALE CANCELLO INGRESSO
[2019-04-25 10:15:50] 	 TEST CASE: APERTURA PARZIALE CANCELLO INGRESSO
[2019-04-25 10:15:55] 	 TEST CASE: APERTURA PARZIALE CANCELLO INGRESSO
[2019-04-25 10:15:56] 	 TEST CASE: APERTURA PARZIALE CANCELLO INGRESSO
[2019-04-25 10:15:56] 	 TEST CASE: APERTURA PARZIALE CANCELLO INGRESSO
[2019-04-25 10:15:57] 	 TEST CASE: APERTURA PARZIALE CANCELLO INGRESSO
[2019-04-25 10:15:59] 	 TEST CASE: APERTURA TOTALE CANCELLO INGRESSO
[2019-04-25 10:16:00] 	 TEST CASE: APERTURA TOTALE CANCELLO INGRESSO
[2019-04-25 10:16:00] 	 TEST CASE: APERTURA TOTALE CANCELLO INGRESSO
[2019-04-25 10:16:01] 	 TEST CASE: APERTURA TOTALE CANCELLO INGRESSO
[2019-04-25 10:16:15] 	 TEST CASE: APERTURA TOTALE CANCELLO INGRESSO
[2019-04-25 10:16:15] 	 TEST CASE: APERTURA TOTALE CANCELLO INGRESSO
[2019-04-25 10:16:16] 	 TEST CASE: APERTURA TOTALE CANCELLO INGRESSO
[2019-04-25 10:16:16] 	 TEST CASE: APERTURA TOTALE CANCELLO INGRESSO
[2019-04-25 10:16:17] 	 TEST CASE: APERTURA TOTALE CANCELLO INGRESSO
[2019-04-25 10:16:17] 	 TEST CASE: APERTURA TOTALE CANCELLO INGRESSO
[2019-04-25 10:16:18] 	 TEST CASE: APERTURA TOTALE CANCELLO INGRESSO
[2019-04-25 10:16:18] 	 TEST CASE: APERTURA TOTALE CANCELLO INGRESSO
[2019-04-25 10:16:19] 	 TEST CASE: APERTURA TOTALE CANCELLO INGRESSO
[2019-04-25 10:16:19] 	 TEST CASE: APERTURA TOTALE CANCELLO INGRESSO
[2019-04-25 10:16:20] 	 TEST CASE: APERTURA TOTALE CANCELLO INGRESSO
[2019-04-25 10:16:22] 	 TEST CASE: APERTURA TOTALE CANCELLO INGRESSO
[2019-04-25 10:16:22] 	 TEST CASE: APERTURA TOTALE CANCELLO INGRESSO
[2019-04-25 10:16:24] 	 TEST CASE: APERTURA TOTALE CANCELLO INGRESSO
[2019-04-25 10:16:25] 	 TEST CASE: APERTURA TOTALE CANCELLO INGRESSO
[2019-04-25 10:16:25] 	 TEST CASE: APERTURA TOTALE CANCELLO INGRESSO
[2019-04-25 10:16:26] 	 TEST CASE: APERTURA TOTALE CANCELLO INGRESSO
[2019-04-25 10:41:15] 	 TEST CASE: APERTURA TOTALE CANCELLO INGRESSO
[2019-04-25 10:41:25] 	 TEST CASE: APERTURA PARZIALE CANCELLO INGRESSO
[2019-04-25 10:46:04] 	 TEST CASE: APERTURA TOTALE CANCELLO INGRESSO
[2019-04-25 10:46:16] 	 TEST CASE: APERTURA PARZIALE CANCELLO INGRESSO
[2019-04-25 10:53:36] Terminate signal catched
[2019-04-25 10:53:36] 	Chiudo la connessione con PLC e OTB su PC
[2019-04-25 10:53:36] 	Libero la memoria dalle strutture create
[2019-04-25 10:53:36] Fine.
[2019-04-25 10:53:36] ****************** END READ FROM PC **********************
[2019-04-25 10:53:36] ****************** START READ FROM PC **********************
[2019-04-25 10:53:36] [2019-04-25 10:53:37] [2019-04-25 10:53:37] [2019-04-25 10:53:38] [2019-04-25 10:53:38] [2019-04-25 10:53:39] [2019-04-25 10:53:39] [2019-04-25 10:53:40] [2019-04-25 10:53:40] [2019-04-25 10:53:41] [2019-04-25 10:53:41] [2019-04-25 10:53:42] [2019-04-25 10:53:42] [2019-04-25 10:53:43] [2019-04-25 10:53:43] [2019-04-25 10:53:44] [2019-04-25 10:53:44] [2019-04-25 10:53:45] [2019-04-25 10:53:45] [2019-04-25 10:53:46] [2019-04-25 10:53:46] [2019-04-25 10:53:47] [2019-04-25 10:53:47] [2019-04-25 10:53:48] [2019-04-25 10:53:48] [2019-04-25 10:53:49] [2019-04-25 10:53:49] [2019-04-25 10:53:50] [2019-04-25 10:53:50] [2019-04-25 10:53:51] [2019-04-25 10:53:51] [2019-04-25 10:53:52] [2019-04-25 10:53:52] [2019-04-25 10:53:53] [2019-04-25 10:53:53] [2019-04-25 10:53:54] [2019-04-25 10:53:54] [2019-04-25 10:53:55] [2019-04-25 10:53:55] [2019-04-25 10:53:56] [2019-04-25 10:53:56] [2019-04-25 10:53:57] [2019-04-25 10:53:57] [2019-04-25 10:53:58] [2019-04-25 10:53:58] [2019-04-25 10:53:59] [2019-04-25 10:53:59] [2019-04-25 10:54:00] [2019-04-25 10:54:00] [2019-04-25 10:54:01] [2019-04-25 10:54:01] [2019-04-25 10:54:02] [2019-04-25 10:54:02] [2019-04-25 10:54:03] [2019-04-25 10:54:03] [2019-04-25 10:54:04] [2019-04-25 10:54:04] [2019-04-25 10:54:05] [2019-04-25 10:54:05] [2019-04-25 10:54:06] [2019-04-25 10:54:06] [2019-04-25 10:54:07] [2019-04-25 10:54:07] [2019-04-25 10:54:08] [2019-04-25 10:54:08] [2019-04-25 10:54:09] [2019-04-25 10:54:09] [2019-04-25 10:54:10] [2019-04-25 10:54:10] [2019-04-25 10:54:11] [2019-04-25 10:54:11] [2019-04-25 10:54:12] [2019-04-25 10:54:12] [2019-04-25 10:54:13] [2019-04-25 10:54:13] [2019-04-25 10:54:14] [2019-04-25 10:54:14] [2019-04-25 10:54:15] [2019-04-25 10:54:15] [2019-04-25 10:54:16] [2019-04-25 10:54:16] [2019-04-25 10:54:17] [2019-04-25 10:54:17] [2019-04-25 10:54:18] [2019-04-25 10:54:18] [2019-04-25 10:54:19] [2019-04-25 10:54:19] [2019-04-25 10:54:20] [2019-04-25 10:54:20] [2019-04-25 10:54:21] [2019-04-25 10:54:21] [2019-04-25 10:54:22] [2019-04-25 10:54:22] [2019-04-25 10:54:23] [2019-04-25 10:54:23] [2019-04-25 10:54:24] [2019-04-25 10:54:24] [2019-04-25 10:54:25] [2019-04-25 10:54:25] [2019-04-25 10:54:26] [2019-04-25 10:54:26] [2019-04-25 10:54:27] [2019-04-25 10:54:27] [2019-04-25 10:54:28] [2019-04-25 10:54:28] [2019-04-25 10:54:29] [2019-04-25 10:54:29] [2019-04-25 10:54:30] [2019-04-25 10:54:30] [2019-04-25 10:54:31] [2019-04-25 10:54:31] [2019-04-25 10:54:32] [2019-04-25 10:54:32] [2019-04-25 10:54:33] [2019-04-25 10:54:33] [2019-04-25 10:54:34] [2019-04-25 10:54:34] [2019-04-25 10:54:35] [2019-04-25 10:54:35] [2019-04-25 10:54:36] [2019-04-25 10:54:36] [2019-04-25 10:54:37] [2019-04-25 10:54:37] [2019-04-25 10:54:38] [2019-04-25 10:54:38] [2019-04-25 10:54:39] [2019-04-25 10:54:39] [2019-04-25 10:54:40] [2019-04-25 10:54:40] [2019-04-25 10:54:41] [2019-04-25 10:54:41] [2019-04-25 10:54:42] [2019-04-25 10:54:42] [2019-04-25 10:54:43] [2019-04-25 10:54:43] [2019-04-25 10:54:44] [2019-04-25 10:54:44] [2019-04-25 10:54:45] [2019-04-25 10:54:45] [2019-04-25 10:54:46] [2019-04-25 10:54:46] [2019-04-25 10:54:47] [2019-04-25 10:54:47] [2019-04-25 10:54:48] [2019-04-25 10:54:48] [2019-04-25 10:54:49] [2019-04-25 10:54:49] [2019-04-25 10:54:50] [2019-04-25 10:54:50] [2019-04-25 10:54:51] [2019-04-25 10:54:51] [2019-04-25 10:54:52] [2019-04-25 10:54:52] [2019-04-25 10:54:53] [2019-04-25 10:54:53] [2019-04-25 10:54:54] [2019-04-25 10:54:54] [2019-04-25 10:54:55] [2019-04-25 10:54:55] [2019-04-25 10:54:56] [2019-04-25 10:54:56] [2019-04-25 10:54:57] [2019-04-25 10:54:57] [2019-04-25 10:54:58] [2019-04-25 10:54:58] [2019-04-25 10:54:59] [2019-04-25 10:54:59] [2019-04-25 10:55:00] [2019-04-25 10:55:00] [2019-04-25 10:55:01] [2019-04-25 10:55:01] [2019-04-25 10:55:02] [2019-04-25 10:55:02] [2019-04-25 10:55:03] [2019-04-25 10:55:03] [2019-04-25 10:55:04] [2019-04-25 10:55:04] [2019-04-25 10:55:05] [2019-04-25 10:55:05] [2019-04-25 10:55:06] [2019-04-25 10:55:06] [2019-04-25 10:55:07] [2019-04-25 10:55:07] [2019-04-25 10:55:08] [2019-04-25 10:55:08] [2019-04-25 10:55:09] [2019-04-25 10:55:09] [2019-04-25 10:55:10] [2019-04-25 10:55:10] [2019-04-25 10:55:11] [2019-04-25 10:55:11] [2019-04-25 10:55:12] [2019-04-25 10:55:12] [2019-04-25 10:55:13] [2019-04-25 10:55:13] [2019-04-25 10:55:14] [2019-04-25 10:55:14] [2019-04-25 10:55:15] [2019-04-25 10:55:15] [2019-04-25 10:55:16] [2019-04-25 10:55:16] [2019-04-25 10:55:17] [2019-04-25 10:55:17] [2019-04-25 10:55:18] [2019-04-25 10:55:18] [2019-04-25 10:55:19] [2019-04-25 10:55:19] [2019-04-25 10:55:20] [2019-04-25 10:55:20] [2019-04-25 10:55:21] [2019-04-25 10:55:21] [2019-04-25 10:55:22] [2019-04-25 10:55:22] [2019-04-25 10:55:23] [2019-04-25 10:55:23] [2019-04-25 10:55:24] [2019-04-25 10:55:24] [2019-04-25 10:55:25] [2019-04-25 10:55:25] [2019-04-25 10:55:26] [2019-04-25 10:55:26] [2019-04-25 10:55:27] [2019-04-25 10:55:27] [2019-04-25 10:55:28] [2019-04-25 10:55:28] [2019-04-25 10:55:29] [2019-04-25 10:55:29] [2019-04-25 10:55:30] [2019-04-25 10:55:30] [2019-04-25 10:55:31] [2019-04-25 10:55:31] [2019-04-25 10:55:32] [2019-04-25 10:55:32] [2019-04-25 10:55:33] [2019-04-25 10:55:33] [2019-04-25 10:55:34] [2019-04-25 10:55:34] [2019-04-25 10:55:35] [2019-04-25 10:55:35] [2019-04-25 10:55:36] [2019-04-25 10:55:36] [2019-04-25 10:55:37] [2019-04-25 10:55:37] [2019-04-25 10:55:38] [2019-04-25 10:55:38] [2019-04-25 10:55:39] [2019-04-25 10:55:39] [2019-04-25 10:55:40] [2019-04-25 10:55:40] [2019-04-25 10:55:41] [2019-04-25 10:55:41] [2019-04-25 10:55:42] [2019-04-25 10:55:42] [2019-04-25 10:55:43] [2019-04-25 10:55:43] [2019-04-25 10:55:44] [2019-04-25 10:55:44] [2019-04-25 10:55:45] [2019-04-25 10:55:45] [2019-04-25 10:55:46] [2019-04-25 10:55:46] [2019-04-25 10:55:47] [2019-04-25 10:55:47] [2019-04-25 10:55:48] [2019-04-25 10:55:48] [2019-04-25 10:55:49] [2019-04-25 10:55:49] [2019-04-25 10:55:50] [2019-04-25 10:55:50] [2019-04-25 10:55:51] [2019-04-25 10:55:51] [2019-04-25 10:55:52] [2019-04-25 10:55:52] [2019-04-25 10:55:53] [2019-04-25 10:55:53] [2019-04-25 10:55:54] [2019-04-25 10:55:54] [2019-04-25 10:55:55] [2019-04-25 10:55:55] [2019-04-25 10:55:56] [2019-04-25 10:55:56] [2019-04-25 10:55:57] [2019-04-25 10:55:57] [2019-04-25 10:55:58] [2019-04-25 10:55:58] [2019-04-25 10:55:59] [2019-04-25 10:55:59] [2019-04-25 10:56:00] [2019-04-25 10:56:00] [2019-04-25 10:56:01] [2019-04-25 10:56:01] [2019-04-25 10:56:02] [2019-04-25 10:56:02] [2019-04-25 10:56:03] [2019-04-25 10:56:03] [2019-04-25 10:56:04] [2019-04-25 10:56:04] [2019-04-25 10:56:05] [2019-04-25 10:56:05] [2019-04-25 10:56:06] [2019-04-25 10:56:06] [2019-04-25 10:56:07] [2019-04-25 10:56:07] [2019-04-25 10:56:08] [2019-04-25 10:56:08] [2019-04-25 10:56:09] [2019-04-25 10:56:09] [2019-04-25 10:56:10] [2019-04-25 10:56:10] [2019-04-25 10:56:11] [2019-04-25 10:56:11] [2019-04-25 10:56:12] [2019-04-25 10:56:12] [2019-04-25 10:56:13] [2019-04-25 10:56:13] [2019-04-25 10:56:14] [2019-04-25 10:56:14] [2019-04-25 10:56:15] [2019-04-25 10:56:15] [2019-04-25 10:56:16] [2019-04-25 10:56:16] [2019-04-25 10:56:17] [2019-04-25 10:56:17] [2019-04-25 10:56:18] [2019-04-25 10:56:18] [2019-04-25 10:56:19] [2019-04-25 10:56:19] [2019-04-25 10:56:20] [2019-04-25 10:56:20] [2019-04-25 10:56:21] [2019-04-25 10:56:21] [2019-04-25 10:56:22] [2019-04-25 10:56:22] [2019-04-25 10:56:23] [2019-04-25 10:56:23] [2019-04-25 10:56:24] [2019-04-25 10:56:24] [2019-04-25 10:56:25] [2019-04-25 10:56:25] [2019-04-25 10:56:26] [2019-04-25 10:56:27] [2019-04-25 10:56:27] [2019-04-25 10:56:28] [2019-04-25 10:56:28] [2019-04-25 10:56:29] [2019-04-25 10:56:29] [2019-04-25 10:56:30] [2019-04-25 10:56:30] [2019-04-25 10:56:31] [2019-04-25 10:56:31] [2019-04-25 10:56:32] [2019-04-25 10:56:32] [2019-04-25 10:56:33] [2019-04-25 10:56:33] [2019-04-25 10:56:34] [2019-04-25 10:56:34] [2019-04-25 10:56:35] [2019-04-25 10:56:35] [2019-04-25 10:56:36] [2019-04-25 10:56:36] [2019-04-25 10:56:37] [2019-04-25 10:56:37] [2019-04-25 10:56:38] [2019-04-25 10:56:38] [2019-04-25 10:56:39] [2019-04-25 10:56:39] [2019-04-25 10:56:40] [2019-04-25 10:56:40] [2019-04-25 10:56:41] [2019-04-25 10:56:41] [2019-04-25 10:56:42] [2019-04-25 10:56:42] [2019-04-25 10:56:43] [2019-04-25 10:56:43] [2019-04-25 10:56:44] [2019-04-25 10:56:44] [2019-04-25 10:56:45] [2019-04-25 10:56:45] [2019-04-25 10:56:46] [2019-04-25 10:56:46] [2019-04-25 10:56:47] [2019-04-25 10:56:47] [2019-04-25 10:56:48] [2019-04-25 10:56:48] [2019-04-25 10:56:49] [2019-04-25 10:56:49] [2019-04-25 10:56:50] [2019-04-25 10:56:50] [2019-04-25 10:56:51] [2019-04-25 10:56:51] [2019-04-25 10:56:52] [2019-04-25 10:56:52] [2019-04-25 10:56:53] [2019-04-25 10:56:53] [2019-04-25 10:56:54] [2019-04-25 10:56:54] [2019-04-25 10:56:55] [2019-04-25 10:56:55] [2019-04-25 10:56:56] [2019-04-25 10:56:56] [2019-04-25 10:56:57] [2019-04-25 10:56:57] [2019-04-25 10:56:58] [2019-04-25 10:56:58] [2019-04-25 10:56:59] [2019-04-25 10:56:59] [2019-04-25 10:57:00] [2019-04-25 10:57:00] [2019-04-25 10:57:01] [2019-04-25 10:57:01] [2019-04-25 10:57:02] [2019-04-25 10:57:02] [2019-04-25 10:57:03] [2019-04-25 10:57:03] [2019-04-25 10:57:04] [2019-04-25 10:57:04] [2019-04-25 10:57:05] [2019-04-25 10:57:05] [2019-04-25 10:57:06] [2019-04-25 10:57:06] [2019-04-25 10:57:07] [2019-04-25 10:57:07] [2019-04-25 10:57:08] [2019-04-25 10:57:08] [2019-04-25 10:57:09] [2019-04-25 10:57:09] [2019-04-25 10:57:10] [2019-04-25 10:57:10] [2019-04-25 10:57:11] [2019-04-25 10:57:11] [2019-04-25 10:57:12] [2019-04-25 10:57:12] [2019-04-25 10:57:13] [2019-04-25 10:57:13] [2019-04-25 10:57:14] [2019-04-25 10:57:14] [2019-04-25 10:57:15] [2019-04-25 10:57:15] [2019-04-25 10:57:16] [2019-04-25 10:57:16] [2019-04-25 10:57:17] [2019-04-25 10:57:17] [2019-04-25 10:57:18] [2019-04-25 10:57:18] [2019-04-25 10:57:19] [2019-04-25 10:57:19] [2019-04-25 10:57:20] [2019-04-25 10:57:20] [2019-04-25 10:57:21] [2019-04-25 10:57:21] [2019-04-25 10:57:22] [2019-04-25 10:57:22] [2019-04-25 10:57:23] [2019-04-25 10:57:23] [2019-04-25 10:57:24] [2019-04-25 10:57:24] [2019-04-25 10:57:25] [2019-04-25 10:57:25] [2019-04-25 10:57:26] [2019-04-25 10:57:26] [2019-04-25 10:57:27] [2019-04-25 10:57:27] [2019-04-25 10:57:28] [2019-04-25 10:57:28] [2019-04-25 10:57:29] [2019-04-25 10:57:29] [2019-04-25 10:57:30] [2019-04-25 10:57:30] [2019-04-25 10:57:31] [2019-04-25 10:57:31] Terminate signal catched
[2019-04-25 10:57:31] 	Chiudo la connessione con PLC e OTB su PC
[2019-04-25 10:57:31] 	Libero la memoria dalle strutture create
[2019-04-25 10:57:31] Fine.
[2019-04-25 10:57:31] ****************** END READ FROM PC **********************
[2019-04-25 10:57:31] ****************** START READ FROM PC **********************
[2019-04-25 10:57:31] OTB_IN8=0 - OTB_IN9=0
[2019-04-25 10:57:31] OTB_IN8=0 - OTB_IN9=0
[2019-04-25 10:57:32] OTB_IN8=0 - OTB_IN9=0
[2019-04-25 10:57:32] OTB_IN8=0 - OTB_IN9=0
[2019-04-25 10:57:33] OTB_IN8=0 - OTB_IN9=0
[2019-04-25 10:57:33] OTB_IN8=0 - OTB_IN9=0
[2019-04-25 10:57:34] OTB_IN8=0 - OTB_IN9=0
[2019-04-25 10:57:34] OTB_IN8=0 - OTB_IN9=0
[2019-04-25 10:57:35] OTB_IN8=0 - OTB_IN9=0
[2019-04-25 10:57:35] OTB_IN8=0 - OTB_IN9=0
[2019-04-25 10:57:36] OTB_IN8=0 - OTB_IN9=0
[2019-04-25 10:57:36] OTB_IN8=0 - OTB_IN9=0
[2019-04-25 10:57:37] OTB_IN8=0 - OTB_IN9=0
[2019-04-25 10:57:37] OTB_IN8=0 - OTB_IN9=0
[2019-04-25 10:57:38] OTB_IN8=0 - OTB_IN9=0
[2019-04-25 10:57:38] OTB_IN8=0 - OTB_IN9=0
[2019-04-25 10:57:39] OTB_IN8=0 - OTB_IN9=0
[2019-04-25 10:57:39] OTB_IN8=0 - OTB_IN9=0
[2019-04-25 10:57:40] OTB_IN8=0 - OTB_IN9=0
[2019-04-25 10:57:40] OTB_IN8=0 - OTB_IN9=0
[2019-04-25 10:57:41] OTB_IN8=0 - OTB_IN9=0
[2019-04-25 10:57:41] OTB_IN8=0 - OTB_IN9=0
[2019-04-25 10:57:42] OTB_IN8=0 - OTB_IN9=0
[2019-04-25 10:57:42] OTB_IN8=0 - OTB_IN9=0
[2019-04-25 10:57:43] OTB_IN8=0 - OTB_IN9=0
[2019-04-25 10:57:43] OTB_IN8=0 - OTB_IN9=0
[2019-04-25 10:57:44] OTB_IN8=0 - OTB_IN9=0
[2019-04-25 10:57:44] OTB_IN8=0 - OTB_IN9=0
[2019-04-25 10:57:45] OTB_IN8=0 - OTB_IN9=0
[2019-04-25 10:57:45] OTB_IN8=0 - OTB_IN9=0
[2019-04-25 10:57:46] OTB_IN8=0 - OTB_IN9=0
[2019-04-25 10:57:46] OTB_IN8=0 - OTB_IN9=0
[2019-04-25 10:57:47] OTB_IN8=0 - OTB_IN9=0
[2019-04-25 10:57:47] OTB_IN8=0 - OTB_IN9=0
[2019-04-25 10:57:48] OTB_IN8=0 - OTB_IN9=0
[2019-04-25 10:57:48] OTB_IN8=0 - OTB_IN9=0
[2019-04-25 10:57:49] OTB_IN8=0 - OTB_IN9=0
[2019-04-25 10:57:49] OTB_IN8=0 - OTB_IN9=0
[2019-04-25 10:57:50] OTB_IN8=0 - OTB_IN9=0
[2019-04-25 10:57:50] OTB_IN8=0 - OTB_IN9=0
[2019-04-25 10:57:51] OTB_IN8=0 - OTB_IN9=0
[2019-04-25 10:57:51] OTB_IN8=0 - OTB_IN9=0
[2019-04-25 10:57:52] OTB_IN8=0 - OTB_IN9=0
[2019-04-25 10:57:52] OTB_IN8=0 - OTB_IN9=0
[2019-04-25 10:57:53] OTB_IN8=0 - OTB_IN9=0
[2019-04-25 10:57:53] OTB_IN8=0 - OTB_IN9=0
[2019-04-25 10:57:54] OTB_IN8=0 - OTB_IN9=0
[2019-04-25 10:57:54] OTB_IN8=0 - OTB_IN9=0
[2019-04-25 10:57:55] OTB_IN8=0 - OTB_IN9=0
[2019-04-25 10:57:55] OTB_IN8=0 - OTB_IN9=0
[2019-04-25 10:57:56] OTB_IN8=0 - OTB_IN9=0
[2019-04-25 10:57:56] OTB_IN8=0 - OTB_IN9=0
[2019-04-25 10:57:57] OTB_IN8=0 - OTB_IN9=0
[2019-04-25 10:57:57] OTB_IN8=0 - OTB_IN9=0
[2019-04-25 10:57:58] OTB_IN8=0 - OTB_IN9=0
[2019-04-25 10:57:58] OTB_IN8=0 - OTB_IN9=0
[2019-04-25 10:57:59] OTB_IN8=0 - OTB_IN9=0
[2019-04-25 10:57:59] OTB_IN8=0 - OTB_IN9=0
[2019-04-25 10:58:00] OTB_IN8=0 - OTB_IN9=0
[2019-04-25 10:58:00] OTB_IN8=0 - OTB_IN9=0
[2019-04-25 10:58:01] OTB_IN8=0 - OTB_IN9=0
[2019-04-25 10:58:01] OTB_IN8=0 - OTB_IN9=0
[2019-04-25 10:58:02] OTB_IN8=0 - OTB_IN9=0
[2019-04-25 10:58:02] OTB_IN8=0 - OTB_IN9=0
[2019-04-25 10:58:03] OTB_IN8=0 - OTB_IN9=0
[2019-04-25 10:58:03] OTB_IN8=0 - OTB_IN9=0
[2019-04-25 10:58:04] OTB_IN8=0 - OTB_IN9=0
[2019-04-25 10:58:04] OTB_IN8=0 - OTB_IN9=0
[2019-04-25 10:58:05] OTB_IN8=0 - OTB_IN9=0
[2019-04-25 10:58:05] OTB_IN8=0 - OTB_IN9=0
[2019-04-25 10:58:05] Terminate signal catched
[2019-04-25 10:58:05] 	Chiudo la connessione con PLC e OTB su PC
[2019-04-25 10:58:05] 	Libero la memoria dalle strutture create
[2019-04-25 10:58:05] Fine.
[2019-04-25 10:58:05] ****************** END READ FROM PC **********************
[2019-04-25 10:59:57] ****************** START READ FROM PC **********************
[2019-04-25 10:59:57] OTB_IN8=0 - OTB_IN9=0
[2019-04-25 10:59:57] OTB_IN8=0 - OTB_IN9=0
[2019-04-25 10:59:58] OTB_IN8=0 - OTB_IN9=0
[2019-04-25 10:59:58] OTB_IN8=0 - OTB_IN9=0
[2019-04-25 10:59:59] OTB_IN8=0 - OTB_IN9=0
[2019-04-25 10:59:59] OTB_IN8=0 - OTB_IN9=0
[2019-04-25 11:00:00] OTB_IN8=0 - OTB_IN9=0
[2019-04-25 11:00:00] OTB_IN8=0 - OTB_IN9=0
[2019-04-25 11:00:01] OTB_IN8=0 - OTB_IN9=0
[2019-04-25 11:00:01] OTB_IN8=0 - OTB_IN9=0
[2019-04-25 11:00:02] OTB_IN8=0 - OTB_IN9=0
[2019-04-25 11:00:02] OTB_IN8=0 - OTB_IN9=0
[2019-04-25 11:00:03] OTB_IN8=0 - OTB_IN9=512
[2019-04-25 11:00:03] 	 TEST CASE: APERTURA TOTALE CANCELLO INGRESSO
[2019-04-25 11:00:04] OTB_IN8=0 - OTB_IN9=0
[2019-04-25 11:00:04] OTB_IN8=0 - OTB_IN9=0
[2019-04-25 11:00:05] OTB_IN8=0 - OTB_IN9=0
[2019-04-25 11:00:05] OTB_IN8=0 - OTB_IN9=0
[2019-04-25 11:00:06] OTB_IN8=0 - OTB_IN9=0
[2019-04-25 11:00:06] OTB_IN8=256 - OTB_IN9=0
[2019-04-25 11:00:06] 	 TEST CASE: APERTURA PARZIALE CANCELLO INGRESSO
[2019-04-25 11:00:07] OTB_IN8=0 - OTB_IN9=0
[2019-04-25 11:00:07] OTB_IN8=0 - OTB_IN9=0
[2019-04-25 11:00:08] OTB_IN8=0 - OTB_IN9=0
[2019-04-25 11:00:08] OTB_IN8=0 - OTB_IN9=0
[2019-04-25 11:00:09] OTB_IN8=0 - OTB_IN9=0
[2019-04-25 11:00:09] OTB_IN8=0 - OTB_IN9=0
[2019-04-25 11:00:10] OTB_IN8=0 - OTB_IN9=0
[2019-04-25 11:00:10] OTB_IN8=0 - OTB_IN9=512
[2019-04-25 11:00:10] 	 TEST CASE: APERTURA TOTALE CANCELLO INGRESSO
[2019-04-25 11:00:11] OTB_IN8=0 - OTB_IN9=512
[2019-04-25 11:00:11] 	 TEST CASE: APERTURA TOTALE CANCELLO INGRESSO
[2019-04-25 11:00:11] OTB_IN8=0 - OTB_IN9=0
[2019-04-25 11:00:12] OTB_IN8=0 - OTB_IN9=0
[2019-04-25 11:00:12] OTB_IN8=0 - OTB_IN9=512
[2019-04-25 11:00:12] 	 TEST CASE: APERTURA TOTALE CANCELLO INGRESSO
[2019-04-25 11:00:13] OTB_IN8=0 - OTB_IN9=0
[2019-04-25 11:00:13] OTB_IN8=256 - OTB_IN9=0
[2019-04-25 11:00:13] 	 TEST CASE: APERTURA PARZIALE CANCELLO INGRESSO
[2019-04-25 11:00:14] OTB_IN8=0 - OTB_IN9=0
[2019-04-25 11:00:14] OTB_IN8=0 - OTB_IN9=0
[2019-04-25 11:00:15] OTB_IN8=0 - OTB_IN9=0
[2019-04-25 11:00:15] OTB_IN8=0 - OTB_IN9=0
[2019-04-25 11:00:16] OTB_IN8=0 - OTB_IN9=0
[2019-04-25 11:00:16] OTB_IN8=0 - OTB_IN9=0
[2019-04-25 11:00:17] OTB_IN8=0 - OTB_IN9=0
[2019-04-25 11:00:17] OTB_IN8=0 - OTB_IN9=0
[2019-04-25 11:00:18] OTB_IN8=0 - OTB_IN9=0
[2019-04-25 11:00:18] OTB_IN8=0 - OTB_IN9=0
[2019-04-25 11:00:19] OTB_IN8=0 - OTB_IN9=0
[2019-04-25 11:00:19] OTB_IN8=0 - OTB_IN9=0
[2019-04-25 11:00:20] OTB_IN8=0 - OTB_IN9=0
[2019-04-25 11:00:20] OTB_IN8=0 - OTB_IN9=0
[2019-04-25 11:00:21] OTB_IN8=0 - OTB_IN9=0
[2019-04-25 11:00:21] OTB_IN8=0 - OTB_IN9=0
[2019-04-25 11:00:22] OTB_IN8=0 - OTB_IN9=0
[2019-04-25 11:00:22] OTB_IN8=0 - OTB_IN9=0
[2019-04-25 11:00:23] OTB_IN8=0 - OTB_IN9=0
[2019-04-25 11:00:23] OTB_IN8=0 - OTB_IN9=0
[2019-04-25 11:00:24] OTB_IN8=0 - OTB_IN9=0
[2019-04-25 11:00:24] OTB_IN8=0 - OTB_IN9=0
[2019-04-25 11:00:25] OTB_IN8=0 - OTB_IN9=0
[2019-04-25 11:00:25] OTB_IN8=0 - OTB_IN9=0
[2019-04-25 11:00:26] OTB_IN8=0 - OTB_IN9=0
[2019-04-25 11:00:26] OTB_IN8=0 - OTB_IN9=0
[2019-04-25 11:00:27] OTB_IN8=0 - OTB_IN9=0
[2019-04-25 11:00:27] OTB_IN8=0 - OTB_IN9=0
[2019-04-25 11:00:28] OTB_IN8=0 - OTB_IN9=0
[2019-04-25 11:00:28] OTB_IN8=0 - OTB_IN9=0
[2019-04-25 11:00:29] OTB_IN8=0 - OTB_IN9=0
[2019-04-25 11:00:29] OTB_IN8=0 - OTB_IN9=0
[2019-04-25 11:00:30] OTB_IN8=0 - OTB_IN9=0
[2019-04-25 11:00:30] OTB_IN8=0 - OTB_IN9=0
[2019-04-25 11:00:31] OTB_IN8=0 - OTB_IN9=0
[2019-04-25 11:00:31] OTB_IN8=0 - OTB_IN9=0
[2019-04-25 11:00:32] OTB_IN8=0 - OTB_IN9=0
[2019-04-25 11:00:32] OTB_IN8=0 - OTB_IN9=0
[2019-04-25 11:00:33] OTB_IN8=0 - OTB_IN9=0
[2019-04-25 11:00:33] OTB_IN8=0 - OTB_IN9=0
[2019-04-25 11:00:34] OTB_IN8=0 - OTB_IN9=0
[2019-04-25 11:00:34] OTB_IN8=0 - OTB_IN9=0
[2019-04-25 11:00:35] OTB_IN8=0 - OTB_IN9=0
[2019-04-25 11:00:35] OTB_IN8=0 - OTB_IN9=0
[2019-04-25 11:00:36] OTB_IN8=0 - OTB_IN9=0
[2019-04-25 11:00:36] OTB_IN8=0 - OTB_IN9=0
[2019-04-25 11:00:37] OTB_IN8=0 - OTB_IN9=0
[2019-04-25 11:00:37] OTB_IN8=0 - OTB_IN9=0
[2019-04-25 11:00:38] OTB_IN8=0 - OTB_IN9=0
[2019-04-25 11:00:38] OTB_IN8=0 - OTB_IN9=0
[2019-04-25 11:00:39] OTB_IN8=0 - OTB_IN9=0
[2019-04-25 11:00:39] OTB_IN8=0 - OTB_IN9=0
[2019-04-25 11:00:40] OTB_IN8=0 - OTB_IN9=0
[2019-04-25 11:00:40] OTB_IN8=0 - OTB_IN9=0
[2019-04-25 11:00:41] OTB_IN8=0 - OTB_IN9=0
[2019-04-25 11:00:41] OTB_IN8=0 - OTB_IN9=0
[2019-04-25 11:00:42] OTB_IN8=0 - OTB_IN9=0
[2019-04-25 11:00:42] OTB_IN8=0 - OTB_IN9=0
[2019-04-25 11:00:43] OTB_IN8=0 - OTB_IN9=0
[2019-04-25 11:00:43] OTB_IN8=0 - OTB_IN9=0
[2019-04-25 11:00:44] OTB_IN8=0 - OTB_IN9=0
[2019-04-25 11:00:44] OTB_IN8=0 - OTB_IN9=0
[2019-04-25 11:00:45] OTB_IN8=0 - OTB_IN9=0
[2019-04-25 11:00:45] OTB_IN8=0 - OTB_IN9=0
[2019-04-25 11:00:46] OTB_IN8=0 - OTB_IN9=0
[2019-04-25 11:00:46] OTB_IN8=0 - OTB_IN9=0
[2019-04-25 11:00:47] OTB_IN8=0 - OTB_IN9=0
[2019-04-25 11:00:47] OTB_IN8=0 - OTB_IN9=0
[2019-04-25 11:00:48] OTB_IN8=0 - OTB_IN9=0
[2019-04-25 11:00:48] OTB_IN8=0 - OTB_IN9=0
[2019-04-25 11:00:49] OTB_IN8=0 - OTB_IN9=0
[2019-04-25 11:00:49] OTB_IN8=0 - OTB_IN9=0
[2019-04-25 11:00:50] OTB_IN8=0 - OTB_IN9=0
[2019-04-25 11:00:50] OTB_IN8=0 - OTB_IN9=0
[2019-04-25 11:00:51] OTB_IN8=0 - OTB_IN9=0
[2019-04-25 11:00:51] Terminate signal catched
[2019-04-25 11:00:51] 	Chiudo la connessione con PLC e OTB su PC
[2019-04-25 11:00:51] 	Libero la memoria dalle strutture create
[2019-04-25 11:00:51] Fine.
[2019-04-25 11:00:51] ****************** END READ FROM PC **********************
[2019-05-12 16:30:17] ****************** START **********************
[2019-05-12 16:30:28] APERTURA PARZIALE CANCELLO INGRESSO
[2019-05-12 16:30:39] APERTURA PARZIALE CANCELLO INGRESSO
[2019-05-12 16:30:41] APERTURA PARZIALE CANCELLO INGRESSO
[2019-05-12 16:30:42] APERTURA PARZIALE CANCELLO INGRESSO
[2019-05-12 16:30:43] APERTURA PARZIALE CANCELLO INGRESSO
[2019-05-12 16:30:44] APERTURA PARZIALE CANCELLO INGRESSO
[2019-05-12 16:31:05] Terminate signal catched
[2019-05-12 16:31:05] 	Chiudo la connessione con PLC e OTB
[2019-05-12 16:31:05] 	Libero la memoria dalle strutture create
[2019-05-12 16:31:05] Fine.
[2019-05-12 16:31:05] ****************** END **********************
[2019-05-12 16:33:44] ****************** START **********************
[2019-05-12 16:34:08] Terminate signal catched
[2019-05-12 16:34:08] 	Chiudo la connessione con PLC e OTB
[2019-05-12 16:34:08] 	Libero la memoria dalle strutture create
[2019-05-12 16:34:08] Fine.
[2019-05-12 16:34:08] ****************** END **********************
[2019-05-12 16:34:40] ****************** START **********************
[2019-05-12 16:34:44] APERTURA PARZIALE CANCELLO INGRESSO
[2019-05-12 16:34:46] APERTURA TOTALE CANCELLO INGRESSO
[2019-05-12 16:34:50] APERTURA PARZIALE CANCELLO INGRESSO
[2019-05-12 16:34:52] APERTURA TOTALE CANCELLO INGRESSO
[2019-05-12 16:34:56] APERTURA PARZIALE CANCELLO INGRESSO
[2019-05-12 16:34:58] APERTURA TOTALE CANCELLO INGRESSO
[2019-05-12 16:35:00] APERTURA PARZIALE CANCELLO INGRESSO
[2019-05-12 16:35:01] APERTURA TOTALE CANCELLO INGRESSO
[2019-05-12 16:35:02] APERTURA PARZIALE CANCELLO INGRESSO
[2019-05-12 16:35:04] APERTURA TOTALE CANCELLO INGRESSO
[2019-05-12 16:35:05] APERTURA PARZIALE CANCELLO INGRESSO
[2019-05-12 16:35:39] APERTURA PARZIALE CANCELLO INGRESSO
[2019-05-12 16:35:41] APERTURA TOTALE CANCELLO INGRESSO
[2019-05-12 16:35:44] APERTURA PARZIALE CANCELLO INGRESSO
[2019-05-12 16:36:06] APERTURA PARZIALE CANCELLO INGRESSO
[2019-05-12 16:36:08] APERTURA TOTALE CANCELLO INGRESSO
[2019-05-12 16:36:58] Terminate signal catched
[2019-05-12 16:36:58] 	Chiudo la connessione con PLC e OTB
[2019-05-12 16:36:58] 	Libero la memoria dalle strutture create
[2019-05-12 16:36:58] Fine.
[2019-05-12 16:36:58] ****************** END **********************
[2019-05-12 16:37:24] ****************** START **********************
[2019-05-12 16:37:44] Cannot Start. There is another process running. exit
[2019-05-12 16:37:49] Terminate signal catched
[2019-05-12 16:37:49] 	Chiudo la connessione con PLC e OTB
[2019-05-12 16:37:49] 	Libero la memoria dalle strutture create
[2019-05-12 16:37:49] Fine.
[2019-05-12 16:37:49] ****************** END **********************
[2019-05-12 16:37:55] ****************** START **********************
[2019-05-12 16:38:08] APERTURA PARZIALE CANCELLO INGRESSO
[2019-05-12 16:38:09] APERTURA TOTALE CANCELLO INGRESSO
[2019-05-12 16:38:10] APERTURA PARZIALE CANCELLO INGRESSO
[2019-05-12 16:38:11] APERTURA TOTALE CANCELLO INGRESSO
[2019-05-12 16:38:12] APERTURA PARZIALE CANCELLO INGRESSO
[2019-05-12 16:38:56] APERTURA PARZIALE CANCELLO INGRESSO
[2019-05-12 16:39:02] APERTURA TOTALE CANCELLO INGRESSO
[2019-05-12 16:39:04] APERTURA PARZIALE CANCELLO INGRESSO
[2019-05-12 16:39:09] APERTURA TOTALE CANCELLO INGRESSO
[2019-05-12 16:39:10] APERTURA PARZIALE CANCELLO INGRESSO
[2019-05-12 16:39:19] APERTURA PARZIALE CANCELLO INGRESSO
[2019-05-12 16:39:20] APERTURA TOTALE CANCELLO INGRESSO
[2019-05-12 16:39:25] APERTURA PARZIALE CANCELLO INGRESSO
[2019-05-12 16:39:36] APERTURA PARZIALE CANCELLO INGRESSO
[2019-05-12 16:40:01] APERTURA TOTALE CANCELLO INGRESSO
[2019-05-12 16:40:04] APERTURA PARZIALE CANCELLO INGRESSO
[2019-05-12 16:40:08] APERTURA TOTALE CANCELLO INGRESSO
[2019-05-12 16:40:09] APERTURA PARZIALE CANCELLO INGRESSO
[2019-05-12 16:46:03] APERTURA PARZIALE CANCELLO INGRESSO
[2019-05-12 16:46:06] APERTURA TOTALE CANCELLO INGRESSO
[2019-05-12 16:46:25] APERTURA TOTALE CANCELLO INGRESSO
[2019-05-12 16:46:28] APERTURA PARZIALE CANCELLO INGRESSO
[2019-05-12 16:46:51] APERTURA TOTALE CANCELLO INGRESSO
[2019-05-12 16:58:47] APERTURA PARZIALE CANCELLO INGRESSO
[2019-05-12 16:58:52] APERTURA TOTALE CANCELLO INGRESSO
[2019-05-12 16:58:53] APERTURA TOTALE CANCELLO INGRESSO
[2019-05-12 16:58:54] APERTURA PARZIALE CANCELLO INGRESSO
[2019-05-12 16:59:06] APERTURA PARZIALE CANCELLO INGRESSO
[2019-05-12 16:59:09] APERTURA TOTALE CANCELLO INGRESSO
[2019-05-12 17:13:30] APERTURA TOTALE CANCELLO INGRESSO
[2019-05-12 17:13:31] APERTURA PARZIALE CANCELLO INGRESSO
[2019-05-12 17:13:32] APERTURA PARZIALE CANCELLO INGRESSO
[2019-05-12 17:13:38] APERTURA TOTALE CANCELLO INGRESSO
[2019-05-12 17:14:02] APERTURA PARZIALE CANCELLO INGRESSO
[2019-05-12 17:14:57] Terminate signal catched
[2019-05-12 17:14:57] 	Chiudo la connessione con PLC e OTB
[2019-05-12 17:14:57] 	Libero la memoria dalle strutture create
[2019-05-12 17:14:57] Fine.
[2019-05-12 17:14:57] ****************** END **********************
[2019-05-12 17:16:10] ****************** START **********************
[2019-05-12 17:18:54] Terminate signal catched
[2019-05-12 17:18:54] 	Chiudo la connessione con PLC e OTB
[2019-05-12 17:18:54] 	Libero la memoria dalle strutture create
[2019-05-12 17:18:54] Fine.
[2019-05-12 17:18:54] ****************** END **********************
[2019-05-12 17:29:38] ****************** START **********************
[2019-05-12 17:29:56] APERTURA PARZIALE CANCELLO INGRESSO
[2019-05-12 17:29:56] 	problemi con pulsante
[2019-05-12 17:29:56] APERTURA PARZIALE CANCELLO INGRESSO
[2019-05-12 17:29:56] 	problemi con pulsante
[2019-05-12 17:29:56] APERTURA PARZIALE CANCELLO INGRESSO
[2019-05-12 17:29:56] 	problemi con pulsante
[2019-05-12 17:29:56] APERTURA PARZIALE CANCELLO INGRESSO
[2019-05-12 17:29:56] 	problemi con pulsante
[2019-05-12 17:29:56] APERTURA PARZIALE CANCELLO INGRESSO
[2019-05-12 17:29:56] 	problemi con pulsante
[2019-05-12 17:29:56] APERTURA PARZIALE CANCELLO INGRESSO
[2019-05-12 17:29:56] 	problemi con pulsante
[2019-05-12 17:29:56] APERTURA PARZIALE CANCELLO INGRESSO
[2019-05-12 17:29:56] 	problemi con pulsante
[2019-05-12 17:29:56] APERTURA PARZIALE CANCELLO INGRESSO
[2019-05-12 17:29:56] 	problemi con pulsante
[2019-05-12 17:29:56] APERTURA PARZIALE CANCELLO INGRESSO
[2019-05-12 17:29:56] 	problemi con pulsante
[2019-05-12 17:29:56] APERTURA PARZIALE CANCELLO INGRESSO
[2019-05-12 17:29:56] 	problemi con pulsante
[2019-05-12 17:29:56] APERTURA PARZIALE CANCELLO INGRESSO
[2019-05-12 17:29:56] 	problemi con pulsante
[2019-05-12 17:29:56] APERTURA PARZIALE CANCELLO INGRESSO
[2019-05-12 17:29:56] 	problemi con pulsante
[2019-05-12 17:29:56] APERTURA PARZIALE CANCELLO INGRESSO
[2019-05-12 17:29:56] 	problemi con pulsante
[2019-05-12 17:29:56] APERTURA PARZIALE CANCELLO INGRESSO
[2019-05-12 17:29:56] 	problemi con pulsante
[2019-05-12 17:29:56] APERTURA PARZIALE CANCELLO INGRESSO
[2019-05-12 17:29:56] 	problemi con pulsante
[2019-05-12 17:29:56] APERTURA PARZIALE CANCELLO INGRESSO
[2019-05-12 17:29:56] 	problemi con pulsante
[2019-05-12 17:29:56] APERTURA PARZIALE CANCELLO INGRESSO
[2019-05-12 17:29:56] 	problemi con pulsante
[2019-05-12 17:29:56] APERTURA PARZIALE CANCELLO INGRESSO
[2019-05-12 17:29:56] 	problemi con pulsante
[2019-05-12 17:29:56] APERTURA PARZIALE CANCELLO INGRESSO
[2019-05-12 17:29:56] 	problemi con pulsante
[2019-05-12 17:29:56] APERTURA PARZIALE CANCELLO INGRESSO
[2019-05-12 17:29:56] 	problemi con pulsante
[2019-05-12 17:29:56] APERTURA PARZIALE CANCELLO INGRESSO
[2019-05-12 17:29:56] 	problemi con pulsante
[2019-05-12 17:29:57] APERTURA PARZIALE CANCELLO INGRESSO
[2019-05-12 17:29:57] 	problemi con pulsante
[2019-05-12 17:29:57] APERTURA PARZIALE CANCELLO INGRESSO
[2019-05-12 17:29:57] 	problemi con pulsante
[2019-05-12 17:29:57] APERTURA PARZIALE CANCELLO INGRESSO
[2019-05-12 17:29:57] 	problemi con pulsante
[2019-05-12 17:29:57] APERTURA PARZIALE CANCELLO INGRESSO
[2019-05-12 17:29:57] 	problemi con pulsante
[2019-05-12 17:30:10] APERTURA PARZIALE CANCELLO INGRESSO
[2019-05-12 17:30:10] 	problemi con pulsante
[2019-05-12 17:30:10] APERTURA PARZIALE CANCELLO INGRESSO
[2019-05-12 17:30:10] 	problemi con pulsante
[2019-05-12 17:30:10] APERTURA PARZIALE CANCELLO INGRESSO
[2019-05-12 17:30:10] 	problemi con pulsante
[2019-05-12 17:30:10] APERTURA PARZIALE CANCELLO INGRESSO
[2019-05-12 17:30:10] 	problemi con pulsante
[2019-05-12 17:30:10] APERTURA PARZIALE CANCELLO INGRESSO
[2019-05-12 17:30:10] 	problemi con pulsante
[2019-05-12 17:30:10] APERTURA PARZIALE CANCELLO INGRESSO
[2019-05-12 17:30:10] 	problemi con pulsante
[2019-05-12 17:30:10] APERTURA PARZIALE CANCELLO INGRESSO
[2019-05-12 17:30:10] 	problemi con pulsante
[2019-05-12 17:30:10] APERTURA PARZIALE CANCELLO INGRESSO
[2019-05-12 17:30:10] 	problemi con pulsante
[2019-05-12 17:30:10] APERTURA PARZIALE CANCELLO INGRESSO
[2019-05-12 17:30:10] 	problemi con pulsante
[2019-05-12 17:30:10] APERTURA PARZIALE CANCELLO INGRESSO
[2019-05-12 17:30:10] 	problemi con pulsante
[2019-05-12 17:30:10] APERTURA PARZIALE CANCELLO INGRESSO
[2019-05-12 17:30:10] 	problemi con pulsante
[2019-05-12 17:30:10] APERTURA PARZIALE CANCELLO INGRESSO
[2019-05-12 17:30:10] 	problemi con pulsante
[2019-05-12 17:30:10] APERTURA PARZIALE CANCELLO INGRESSO
[2019-05-12 17:30:10] 	problemi con pulsante
[2019-05-12 17:30:10] APERTURA PARZIALE CANCELLO INGRESSO
[2019-05-12 17:30:10] 	problemi con pulsante
[2019-05-12 17:30:10] APERTURA PARZIALE CANCELLO INGRESSO
[2019-05-12 17:30:10] 	problemi con pulsante
[2019-05-12 17:30:10] APERTURA PARZIALE CANCELLO INGRESSO
[2019-05-12 17:30:10] 	problemi con pulsante
[2019-05-12 17:30:11] APERTURA PARZIALE CANCELLO INGRESSO
[2019-05-12 17:30:11] 	problemi con pulsante
[2019-05-12 17:30:11] APERTURA PARZIALE CANCELLO INGRESSO
[2019-05-12 17:30:11] 	problemi con pulsante
[2019-05-12 17:30:11] APERTURA PARZIALE CANCELLO INGRESSO
[2019-05-12 17:30:11] 	problemi con pulsante
[2019-05-12 17:30:11] APERTURA PARZIALE CANCELLO INGRESSO
[2019-05-12 17:30:11] 	problemi con pulsante
[2019-05-12 17:30:11] APERTURA PARZIALE CANCELLO INGRESSO
[2019-05-12 17:30:11] 	problemi con pulsante
[2019-05-12 17:30:11] APERTURA PARZIALE CANCELLO INGRESSO
[2019-05-12 17:30:11] 	problemi con pulsante
[2019-05-12 17:30:11] APERTURA PARZIALE CANCELLO INGRESSO
[2019-05-12 17:30:11] 	problemi con pulsante
[2019-05-12 17:30:11] APERTURA PARZIALE CANCELLO INGRESSO
[2019-05-12 17:30:11] 	problemi con pulsante
[2019-05-12 17:30:11] APERTURA PARZIALE CANCELLO INGRESSO
[2019-05-12 17:30:11] 	problemi con pulsante
[2019-05-12 17:30:12] APERTURA TOTALE CANCELLO INGRESSO
[2019-05-12 17:30:12] 	problemi con pulsante
[2019-05-12 17:30:12] APERTURA TOTALE CANCELLO INGRESSO
[2019-05-12 17:30:12] 	problemi con pulsante
[2019-05-12 17:30:12] APERTURA TOTALE CANCELLO INGRESSO
[2019-05-12 17:30:12] 	problemi con pulsante
[2019-05-12 17:30:12] APERTURA TOTALE CANCELLO INGRESSO
[2019-05-12 17:30:12] 	problemi con pulsante
[2019-05-12 17:30:12] APERTURA TOTALE CANCELLO INGRESSO
[2019-05-12 17:30:12] 	problemi con pulsante
[2019-05-12 17:30:12] APERTURA TOTALE CANCELLO INGRESSO
[2019-05-12 17:30:12] 	problemi con pulsante
[2019-05-12 17:30:12] APERTURA TOTALE CANCELLO INGRESSO
[2019-05-12 17:30:12] 	problemi con pulsante
[2019-05-12 17:30:12] APERTURA TOTALE CANCELLO INGRESSO
[2019-05-12 17:30:12] 	problemi con pulsante
[2019-05-12 17:30:12] APERTURA TOTALE CANCELLO INGRESSO
[2019-05-12 17:30:12] 	problemi con pulsante
[2019-05-12 17:30:12] APERTURA TOTALE CANCELLO INGRESSO
[2019-05-12 17:30:12] 	problemi con pulsante
[2019-05-12 17:30:12] APERTURA TOTALE CANCELLO INGRESSO
[2019-05-12 17:30:12] 	problemi con pulsante
[2019-05-12 17:30:12] APERTURA TOTALE CANCELLO INGRESSO
[2019-05-12 17:30:12] 	problemi con pulsante
[2019-05-12 17:30:12] APERTURA TOTALE CANCELLO INGRESSO
[2019-05-12 17:30:12] 	problemi con pulsante
[2019-05-12 17:30:12] APERTURA TOTALE CANCELLO INGRESSO
[2019-05-12 17:30:12] 	problemi con pulsante
[2019-05-12 17:30:12] APERTURA TOTALE CANCELLO INGRESSO
[2019-05-12 17:30:12] 	problemi con pulsante
[2019-05-12 17:30:12] APERTURA TOTALE CANCELLO INGRESSO
[2019-05-12 17:30:12] 	problemi con pulsante
[2019-05-12 17:30:12] APERTURA TOTALE CANCELLO INGRESSO
[2019-05-12 17:30:12] 	problemi con pulsante
[2019-05-12 17:30:12] APERTURA TOTALE CANCELLO INGRESSO
[2019-05-12 17:30:12] 	problemi con pulsante
[2019-05-12 17:30:12] APERTURA TOTALE CANCELLO INGRESSO
[2019-05-12 17:30:12] 	problemi con pulsante
[2019-05-12 17:30:12] APERTURA TOTALE CANCELLO INGRESSO
[2019-05-12 17:30:12] 	problemi con pulsante
[2019-05-12 17:30:13] APERTURA TOTALE CANCELLO INGRESSO
[2019-05-12 17:30:13] 	problemi con pulsante
[2019-05-12 17:30:13] APERTURA TOTALE CANCELLO INGRESSO
[2019-05-12 17:30:13] 	problemi con pulsante
[2019-05-12 17:30:13] APERTURA TOTALE CANCELLO INGRESSO
[2019-05-12 17:30:13] 	problemi con pulsante
[2019-05-12 17:30:13] APERTURA TOTALE CANCELLO INGRESSO
[2019-05-12 17:30:13] 	problemi con pulsante
[2019-05-12 17:30:24] APERTURA TOTALE CANCELLO INGRESSO
[2019-05-12 17:30:24] 	problemi con pulsante
[2019-05-12 17:30:24] APERTURA TOTALE CANCELLO INGRESSO
[2019-05-12 17:30:24] 	problemi con pulsante
[2019-05-12 17:30:24] APERTURA TOTALE CANCELLO INGRESSO
[2019-05-12 17:30:24] 	problemi con pulsante
[2019-05-12 17:30:24] APERTURA TOTALE CANCELLO INGRESSO
[2019-05-12 17:30:24] 	problemi con pulsante
[2019-05-12 17:30:24] APERTURA TOTALE CANCELLO INGRESSO
[2019-05-12 17:30:24] 	problemi con pulsante
[2019-05-12 17:30:24] APERTURA TOTALE CANCELLO INGRESSO
[2019-05-12 17:30:24] 	problemi con pulsante
[2019-05-12 17:30:24] APERTURA TOTALE CANCELLO INGRESSO
[2019-05-12 17:30:24] 	problemi con pulsante
[2019-05-12 17:30:24] APERTURA TOTALE CANCELLO INGRESSO
[2019-05-12 17:30:24] 	problemi con pulsante
[2019-05-12 17:30:24] APERTURA TOTALE CANCELLO INGRESSO
[2019-05-12 17:30:24] 	problemi con pulsante
[2019-05-12 17:30:24] APERTURA TOTALE CANCELLO INGRESSO
[2019-05-12 17:30:24] 	problemi con pulsante
[2019-05-12 17:30:24] APERTURA TOTALE CANCELLO INGRESSO
[2019-05-12 17:30:24] 	problemi con pulsante
[2019-05-12 17:30:24] APERTURA TOTALE CANCELLO INGRESSO
[2019-05-12 17:30:24] 	problemi con pulsante
[2019-05-12 17:30:24] APERTURA TOTALE CANCELLO INGRESSO
[2019-05-12 17:30:24] 	problemi con pulsante
[2019-05-12 17:30:24] APERTURA TOTALE CANCELLO INGRESSO
[2019-05-12 17:30:24] 	problemi con pulsante
[2019-05-12 17:30:24] APERTURA TOTALE CANCELLO INGRESSO
[2019-05-12 17:30:24] 	problemi con pulsante
[2019-05-12 17:30:24] APERTURA TOTALE CANCELLO INGRESSO
[2019-05-12 17:30:24] 	problemi con pulsante
[2019-05-12 17:30:24] APERTURA TOTALE CANCELLO INGRESSO
[2019-05-12 17:30:24] 	problemi con pulsante
[2019-05-12 17:30:24] APERTURA TOTALE CANCELLO INGRESSO
[2019-05-12 17:30:24] 	problemi con pulsante
[2019-05-12 17:30:24] APERTURA TOTALE CANCELLO INGRESSO
[2019-05-12 17:30:24] 	problemi con pulsante
[2019-05-12 17:30:24] APERTURA TOTALE CANCELLO INGRESSO
[2019-05-12 17:30:24] 	problemi con pulsante
[2019-05-12 17:30:24] APERTURA TOTALE CANCELLO INGRESSO
[2019-05-12 17:30:24] 	problemi con pulsante
[2019-05-12 17:30:24] APERTURA TOTALE CANCELLO INGRESSO
[2019-05-12 17:30:24] 	problemi con pulsante
[2019-05-12 17:30:24] APERTURA TOTALE CANCELLO INGRESSO
[2019-05-12 17:30:24] 	problemi con pulsante
[2019-05-12 17:30:24] APERTURA TOTALE CANCELLO INGRESSO
[2019-05-12 17:30:24] 	problemi con pulsante
[2019-05-12 17:30:25] APERTURA PARZIALE CANCELLO INGRESSO
[2019-05-12 17:30:25] 	problemi con pulsante
[2019-05-12 17:30:25] APERTURA PARZIALE CANCELLO INGRESSO
[2019-05-12 17:30:25] 	problemi con pulsante
[2019-05-12 17:30:25] APERTURA PARZIALE CANCELLO INGRESSO
[2019-05-12 17:30:25] 	problemi con pulsante
[2019-05-12 17:30:25] APERTURA PARZIALE CANCELLO INGRESSO
[2019-05-12 17:30:25] 	problemi con pulsante
[2019-05-12 17:30:25] APERTURA PARZIALE CANCELLO INGRESSO
[2019-05-12 17:30:25] 	problemi con pulsante
[2019-05-12 17:30:25] APERTURA PARZIALE CANCELLO INGRESSO
[2019-05-12 17:30:25] 	problemi con pulsante
[2019-05-12 17:30:26] APERTURA PARZIALE CANCELLO INGRESSO
[2019-05-12 17:30:26] 	problemi con pulsante
[2019-05-12 17:30:26] APERTURA PARZIALE CANCELLO INGRESSO
[2019-05-12 17:30:26] 	problemi con pulsante
[2019-05-12 17:30:26] APERTURA PARZIALE CANCELLO INGRESSO
[2019-05-12 17:30:26] 	problemi con pulsante
[2019-05-12 17:30:26] APERTURA PARZIALE CANCELLO INGRESSO
[2019-05-12 17:30:26] 	problemi con pulsante
[2019-05-12 17:30:26] APERTURA PARZIALE CANCELLO INGRESSO
[2019-05-12 17:30:26] 	problemi con pulsante
[2019-05-12 17:30:26] APERTURA PARZIALE CANCELLO INGRESSO
[2019-05-12 17:30:26] 	problemi con pulsante
[2019-05-12 17:30:26] APERTURA PARZIALE CANCELLO INGRESSO
[2019-05-12 17:30:26] 	problemi con pulsante
[2019-05-12 17:30:26] APERTURA PARZIALE CANCELLO INGRESSO
[2019-05-12 17:30:26] 	problemi con pulsante
[2019-05-12 17:30:26] APERTURA PARZIALE CANCELLO INGRESSO
[2019-05-12 17:30:26] 	problemi con pulsante
[2019-05-12 17:30:26] APERTURA PARZIALE CANCELLO INGRESSO
[2019-05-12 17:30:26] 	problemi con pulsante
[2019-05-12 17:30:26] APERTURA PARZIALE CANCELLO INGRESSO
[2019-05-12 17:30:26] 	problemi con pulsante
[2019-05-12 17:30:26] APERTURA PARZIALE CANCELLO INGRESSO
[2019-05-12 17:30:26] 	problemi con pulsante
[2019-05-12 17:30:26] APERTURA PARZIALE CANCELLO INGRESSO
[2019-05-12 17:30:26] 	problemi con pulsante
[2019-05-12 17:30:26] APERTURA PARZIALE CANCELLO INGRESSO
[2019-05-12 17:30:26] 	problemi con pulsante
[2019-05-12 17:30:26] APERTURA PARZIALE CANCELLO INGRESSO
[2019-05-12 17:30:26] 	problemi con pulsante
[2019-05-12 17:30:26] APERTURA PARZIALE CANCELLO INGRESSO
[2019-05-12 17:30:26] 	problemi con pulsante
[2019-05-12 17:30:26] APERTURA PARZIALE CANCELLO INGRESSO
[2019-05-12 17:30:26] 	problemi con pulsante
[2019-05-12 17:30:26] APERTURA PARZIALE CANCELLO INGRESSO
[2019-05-12 17:30:26] 	problemi con pulsante
[2019-05-12 17:30:26] APERTURA PARZIALE CANCELLO INGRESSO
[2019-05-12 17:30:26] 	problemi con pulsante
[2019-05-12 17:30:37] Terminate signal catched
[2019-05-12 17:30:37] 	Chiudo la connessione con PLC e OTB
[2019-05-12 17:30:37] 	Libero la memoria dalle strutture create
[2019-05-12 17:30:37] Fine.
[2019-05-12 17:30:37] ****************** END **********************
[2019-05-12 17:31:06] ****************** START **********************
[2019-05-12 17:31:10] APERTURA TOTALE CANCELLO INGRESSO
[2019-05-12 17:31:10] 	problemi con pulsante
[2019-05-12 17:31:10] APERTURA TOTALE CANCELLO INGRESSO
[2019-05-12 17:31:10] 	problemi con pulsante
[2019-05-12 17:31:10] APERTURA TOTALE CANCELLO INGRESSO
[2019-05-12 17:31:10] 	problemi con pulsante
[2019-05-12 17:31:10] APERTURA TOTALE CANCELLO INGRESSO
[2019-05-12 17:31:10] 	problemi con pulsante
[2019-05-12 17:31:10] APERTURA TOTALE CANCELLO INGRESSO
[2019-05-12 17:31:10] 	problemi con pulsante
[2019-05-12 17:31:10] APERTURA TOTALE CANCELLO INGRESSO
[2019-05-12 17:31:10] 	problemi con pulsante
[2019-05-12 17:31:10] APERTURA TOTALE CANCELLO INGRESSO
[2019-05-12 17:31:10] 	problemi con pulsante
[2019-05-12 17:31:10] APERTURA TOTALE CANCELLO INGRESSO
[2019-05-12 17:31:10] 	problemi con pulsante
[2019-05-12 17:31:10] APERTURA TOTALE CANCELLO INGRESSO
[2019-05-12 17:31:10] 	problemi con pulsante
[2019-05-12 17:31:10] APERTURA TOTALE CANCELLO INGRESSO
[2019-05-12 17:31:10] 	problemi con pulsante
[2019-05-12 17:31:11] APERTURA TOTALE CANCELLO INGRESSO
[2019-05-12 17:31:11] 	problemi con pulsante
[2019-05-12 17:31:11] APERTURA TOTALE CANCELLO INGRESSO
[2019-05-12 17:31:11] 	problemi con pulsante
[2019-05-12 17:31:11] APERTURA TOTALE CANCELLO INGRESSO
[2019-05-12 17:31:11] 	problemi con pulsante
[2019-05-12 17:31:11] APERTURA TOTALE CANCELLO INGRESSO
[2019-05-12 17:31:11] 	problemi con pulsante
[2019-05-12 17:31:11] APERTURA TOTALE CANCELLO INGRESSO
[2019-05-12 17:31:11] 	problemi con pulsante
[2019-05-12 17:31:11] APERTURA TOTALE CANCELLO INGRESSO
[2019-05-12 17:31:11] 	problemi con pulsante
[2019-05-12 17:31:11] APERTURA TOTALE CANCELLO INGRESSO
[2019-05-12 17:31:11] 	problemi con pulsante
[2019-05-12 17:31:11] APERTURA TOTALE CANCELLO INGRESSO
[2019-05-12 17:31:11] 	problemi con pulsante
[2019-05-12 17:31:11] APERTURA TOTALE CANCELLO INGRESSO
[2019-05-12 17:31:11] 	problemi con pulsante
[2019-05-12 17:31:11] APERTURA TOTALE CANCELLO INGRESSO
[2019-05-12 17:31:11] 	problemi con pulsante
[2019-05-12 17:31:11] APERTURA TOTALE CANCELLO INGRESSO
[2019-05-12 17:31:11] 	problemi con pulsante
[2019-05-12 17:31:11] APERTURA TOTALE CANCELLO INGRESSO
[2019-05-12 17:31:11] 	problemi con pulsante
[2019-05-12 17:31:11] APERTURA TOTALE CANCELLO INGRESSO
[2019-05-12 17:31:11] 	problemi con pulsante
[2019-05-12 17:31:11] APERTURA TOTALE CANCELLO INGRESSO
[2019-05-12 17:31:11] 	problemi con pulsante
[2019-05-12 17:31:11] APERTURA TOTALE CANCELLO INGRESSO
[2019-05-12 17:31:11] 	problemi con pulsante
[2019-05-12 17:31:17] Terminate signal catched
[2019-05-12 17:31:17] 	Chiudo la connessione con PLC e OTB
[2019-05-12 17:31:17] 	Libero la memoria dalle strutture create
[2019-05-12 17:31:17] Fine.
[2019-05-12 17:31:17] ****************** END **********************
[2019-05-12 17:32:18] ****************** START **********************
[2019-05-12 17:32:27] APERTURA TOTALE CANCELLO INGRESSO
[2019-05-12 17:33:38] APERTURA TOTALE CANCELLO INGRESSO
[2019-05-12 17:34:48] APERTURA PARZIALE CANCELLO INGRESSO
